# JRE version: OpenJDK Runtime Environment Microsoft-13877129 (17.0.19+10) (build 17.0.19+10-LTS)
# Java VM: OpenJDK 64-Bit Server VM Microsoft-13877129 (17.0.19+10-LTS, mixed mode, sharing, tiered, compressed oops, compressed class ptrs, g1 gc, windows-amd64)
GC Precious Log:
 CPUs: 12 total, 12 available
 Memory: 7930M
 Large Page Support: Disabled
 NUMA Support: Disabled
 Compressed Oops: Enabled (32-bit)
 Heap Region Size: 1M
 Heap Min Capacity: 8M
 Heap Initial Capacity: 124M
 Heap Max Capacity: 2G
 Pre-touch: Disabled
 Parallel Workers: 10
 Concurrent Workers: 3
 Concurrent Refinement Workers: 10
 Periodic GC: Disabled
Heap:
 garbage-first heap   total 448512K, used 242758K [0x0000000080000000, 0x0000000100000000)
  region size 1024K, 11 young (11264K), 11 survivors (11264K)
 Metaspace       used 168974K, committed 170368K, reserved 1245184K
  class space    used 21688K, committed 22336K, reserved 1048576K
GC Heap History (20 events):
Event: 100.426 GC heap after
{Heap after GC invocations=49 (full 0):
 garbage-first heap   total 448512K, used 170479K [0x0000000080000000, 0x0000000100000000)
  region size 1024K, 15 young (15360K), 15 survivors (15360K)
 Metaspace       used 142096K, committed 143040K, reserved 1179648K
  class space    used 18577K, committed 19008K, reserved 1048576K
}
Event: 100.579 GC heap before
{Heap before GC invocations=49 (full 0):
 garbage-first heap   total 448512K, used 177647K [0x0000000080000000, 0x0000000100000000)
  region size 1024K, 21 young (21504K), 15 survivors (15360K)
 Metaspace       used 142819K, committed 143808K, reserved 1179648K
  class space    used 18669K, committed 19136K, reserved 1048576K
}
Event: 100.591 GC heap after
{Heap after GC invocations=50 (full 0):
 garbage-first heap   total 448512K, used 170234K [0x0000000080000000, 0x0000000100000000)
  region size 1024K, 3 young (3072K), 3 survivors (3072K)
 Metaspace       used 142819K, committed 143808K, reserved 1179648K
  class space    used 18669K, committed 19136K, reserved 1048576K
}
Event: 102.561 GC heap before
{Heap before GC invocations=50 (full 0):
 garbage-first heap   total 448512K, used 372986K [0x0000000080000000, 0x0000000100000000)
  region size 1024K, 201 young (205824K), 3 survivors (3072K)
 Metaspace       used 146614K, committed 147648K, reserved 1179648K
  class space    used 19224K, committed 19712K, reserved 1048576K
}
Event: 102.570 GC heap after
{Heap after GC invocations=51 (full 0):
 garbage-first heap   total 448512K, used 176560K [0x0000000080000000, 0x0000000100000000)
  region size 1024K, 9 young (9216K), 9 survivors (9216K)
 Metaspace       used 146614K, committed 147648K, reserved 1179648K
  class space    used 19224K, committed 19712K, reserved 1048576K
}
Event: 104.008 GC heap before
{Heap before GC invocations=51 (full 0):
 garbage-first heap   total 448512K, used 334256K [0x0000000080000000, 0x0000000100000000)
  region size 1024K, 165 young (168960K), 9 survivors (9216K)
 Metaspace       used 147174K, committed 148224K, reserved 1179648K
  class space    used 19290K, committed 19840K, reserved 1048576K
}
Event: 104.017 GC heap after
{Heap after GC invocations=52 (full 0):
 garbage-first heap   total 448512K, used 181687K [0x0000000080000000, 0x0000000100000000)
  region size 1024K, 14 young (14336K), 14 survivors (14336K)
 Metaspace       used 147174K, committed 148224K, reserved 1179648K
  class space    used 19290K, committed 19840K, reserved 1048576K
}
Event: 107.822 GC heap before
{Heap before GC invocations=53 (full 0):
 garbage-first heap   total 448512K, used 377271K [0x0000000080000000, 0x0000000100000000)
  region size 1024K, 199 young (203776K), 14 survivors (14336K)
 Metaspace       used 160412K, committed 161536K, reserved 1245184K
  class space    used 20825K, committed 21376K, reserved 1048576K
}
Event: 107.836 GC heap after
{Heap after GC invocations=54 (full 0):
 garbage-first heap   total 448512K, used 189151K [0x0000000080000000, 0x0000000100000000)
  region size 1024K, 21 young (21504K), 21 survivors (21504K)
 Metaspace       used 160412K, committed 161536K, reserved 1245184K
  class space    used 20825K, committed 21376K, reserved 1048576K
}
Event: 107.841 GC heap before
{Heap before GC invocations=54 (full 0):
 garbage-first heap   total 448512K, used 189151K [0x0000000080000000, 0x0000000100000000)
  region size 1024K, 22 young (22528K), 21 survivors (21504K)
 Metaspace       used 160424K, committed 161536K, reserved 1245184K
  class space    used 20827K, committed 21376K, reserved 1048576K
}
Event: 107.863 GC heap after
{Heap after GC invocations=55 (full 0):
 garbage-first heap   total 448512K, used 187348K [0x0000000080000000, 0x0000000100000000)
  region size 1024K, 3 young (3072K), 3 survivors (3072K)
 Metaspace       used 160424K, committed 161536K, reserved 1245184K
  class space    used 20827K, committed 21376K, reserved 1048576K
}
Event: 1010.230 GC heap before
{Heap before GC invocations=55 (full 0):
 garbage-first heap   total 448512K, used 370644K [0x0000000080000000, 0x0000000100000000)
  region size 1024K, 183 young (187392K), 3 survivors (3072K)
 Metaspace       used 165900K, committed 167168K, reserved 1245184K
  class space    used 21524K, committed 22144K, reserved 1048576K
}
Event: 1010.424 GC heap after
{Heap after GC invocations=56 (full 0):
 garbage-first heap   total 448512K, used 194057K [0x0000000080000000, 0x0000000100000000)
  region size 1024K, 10 young (10240K), 10 survivors (10240K)
 Metaspace       used 165900K, committed 167168K, reserved 1245184K
  class space    used 21524K, committed 22144K, reserved 1048576K
}
Event: 1013.066 GC heap before
{Heap before GC invocations=56 (full 0):
 garbage-first heap   total 448512K, used 237065K [0x0000000080000000, 0x0000000100000000)
  region size 1024K, 53 young (54272K), 10 survivors (10240K)
 Metaspace       used 166412K, committed 167616K, reserved 1245184K
  class space    used 21566K, committed 22144K, reserved 1048576K
}
Event: 1013.111 GC heap after
{Heap after GC invocations=57 (full 0):
 garbage-first heap   total 448512K, used 197911K [0x0000000080000000, 0x0000000100000000)
  region size 1024K, 14 young (14336K), 14 survivors (14336K)
 Metaspace       used 166412K, committed 167616K, reserved 1245184K
  class space    used 21566K, committed 22144K, reserved 1048576K
}
Event: 1016.051 GC heap before
{Heap before GC invocations=58 (full 0):
 garbage-first heap   total 448512K, used 390423K [0x0000000080000000, 0x0000000100000000)
  region size 1024K, 187 young (191488K), 14 survivors (14336K)
 Metaspace       used 167635K, committed 168832K, reserved 1245184K
  class space    used 21606K, committed 22208K, reserved 1048576K
}
Event: 1016.148 GC heap after
{Heap after GC invocations=59 (full 0):
 garbage-first heap   total 448512K, used 240870K [0x0000000080000000, 0x0000000100000000)
  region size 1024K, 24 young (24576K), 24 survivors (24576K)
 Metaspace       used 167635K, committed 168832K, reserved 1245184K
  class space    used 21606K, committed 22208K, reserved 1048576K
}
Event: 1016.225 GC heap before
{Heap before GC invocations=59 (full 0):
 garbage-first heap   total 448512K, used 240870K [0x0000000080000000, 0x0000000100000000)
  region size 1024K, 25 young (25600K), 24 survivors (24576K)
 Metaspace       used 167773K, committed 168960K, reserved 1245184K
  class space    used 21614K, committed 22208K, reserved 1048576K
}
Event: 1016.252 GC heap after
{Heap after GC invocations=60 (full 0):
 garbage-first heap   total 448512K, used 242015K [0x0000000080000000, 0x0000000100000000)
  region size 1024K, 3 young (3072K), 3 survivors (3072K)
 Metaspace       used 167773K, committed 168960K, reserved 1245184K
  class space    used 21614K, committed 22208K, reserved 1048576K
}
Event: 1490.111 GC heap before
{Heap before GC invocations=60 (full 0):
 garbage-first heap   total 448512K, used 367967K [0x0000000080000000, 0x0000000100000000)
  region size 1024K, 127 young (130048K), 3 survivors (3072K)
 Metaspace       used 168974K, committed 170368K, reserved 1245184K
  class space    used 21688K, committed 22336K, reserved 1048576K
}

